2025-07-26 18:36:15 | INFO | src.scrapers.manager:_init_reddit_scrapers:67 | ✅ Reddit RSS feed scraper initialized
2025-07-26 18:36:15 | INFO | src.scrapers.manager:__aenter__:36 | Scraper manager initialized with strategies: [<Platform.REDDIT: 'reddit'>]
2025-07-26 18:36:22 | INFO | src.scrapers.manager:_init_reddit_scrapers:67 | ✅ Reddit RSS feed scraper initialized
2025-07-26 18:36:22 | INFO | src.scrapers.manager:__aenter__:36 | Scraper manager initialized with strategies: [<Platform.REDDIT: 'reddit'>]
2025-07-26 18:36:22 | INFO | src.scrapers.manager:scrape_with_fallback:140 | 🔄 Trying web strategy for reddit
2025-07-26 18:36:22 | INFO | src.scrapers.reddit_web_scraper:scrape_posts:41 | Web scraping r/programming - hot posts (max: 5)
2025-07-26 18:36:23 | ERROR | src.scrapers.base:_make_request:104 | Request failed for URL https://www.reddit.com/r/programming/hot.json: Cannot connect to host www.reddit.com:443 ssl:True [SSLCertVerificationError: (1, '[SSL: CERTIFICATE_VERIFY_FAILED] certificate verify failed: unable to get local issuer certificate (_ssl.c:1018)')]
2025-07-26 18:36:27 | ERROR | src.scrapers.base:_make_request:104 | Request failed for URL https://www.reddit.com/r/programming/hot.json: Cannot connect to host www.reddit.com:443 ssl:True [SSLCertVerificationError: (1, '[SSL: CERTIFICATE_VERIFY_FAILED] certificate verify failed: unable to get local issuer certificate (_ssl.c:1018)')]
2025-07-26 18:36:31 | ERROR | src.scrapers.base:_make_request:104 | Request failed for URL https://www.reddit.com/r/programming/hot.json: Cannot connect to host www.reddit.com:443 ssl:True [SSLCertVerificationError: (1, '[SSL: CERTIFICATE_VERIFY_FAILED] certificate verify failed: unable to get local issuer certificate (_ssl.c:1018)')]
2025-07-26 18:36:31 | ERROR | src.scrapers.reddit_web_scraper:scrape_posts:82 | Error scraping r/programming: RetryError[<Future at 0x1076ec050 state=finished raised ClientConnectorCertificateError>]
2025-07-26 18:36:31 | WARNING | src.scrapers.manager:scrape_with_fallback:154 | ❌ web strategy failed: RetryError[<Future at 0x1076ec050 state=finished raised ClientConnectorCertificateError>]
2025-07-26 18:36:31 | INFO | src.scrapers.manager:scrape_with_fallback:140 | 🔄 Trying feed strategy for reddit
2025-07-26 18:36:31 | INFO | src.scrapers.reddit_feed_scraper:scrape_posts:40 | RSS scraping r/programming - hot posts (max: 5)
2025-07-26 18:36:31 | ERROR | src.scrapers.base:_make_request:104 | Request failed for URL https://www.reddit.com/r/programming.rss: Cannot connect to host www.reddit.com:443 ssl:True [SSLCertVerificationError: (1, '[SSL: CERTIFICATE_VERIFY_FAILED] certificate verify failed: unable to get local issuer certificate (_ssl.c:1018)')]
2025-07-26 18:36:35 | ERROR | src.scrapers.base:_make_request:104 | Request failed for URL https://www.reddit.com/r/programming.rss: Cannot connect to host www.reddit.com:443 ssl:True [SSLCertVerificationError: (1, '[SSL: CERTIFICATE_VERIFY_FAILED] certificate verify failed: unable to get local issuer certificate (_ssl.c:1018)')]
2025-07-26 18:36:39 | ERROR | src.scrapers.base:_make_request:104 | Request failed for URL https://www.reddit.com/r/programming.rss: Cannot connect to host www.reddit.com:443 ssl:True [SSLCertVerificationError: (1, '[SSL: CERTIFICATE_VERIFY_FAILED] certificate verify failed: unable to get local issuer certificate (_ssl.c:1018)')]
2025-07-26 18:36:39 | ERROR | src.scrapers.reddit_feed_scraper:scrape_posts:84 | Error scraping RSS for r/programming: RetryError[<Future at 0x1076be7b0 state=finished raised ClientConnectorCertificateError>]
2025-07-26 18:36:39 | WARNING | src.scrapers.manager:scrape_with_fallback:154 | ❌ feed strategy failed: RetryError[<Future at 0x1076be7b0 state=finished raised ClientConnectorCertificateError>]
2025-07-26 18:36:57 | INFO | src.scrapers.manager:_init_reddit_scrapers:67 | ✅ Reddit RSS feed scraper initialized
2025-07-26 18:36:57 | INFO | src.scrapers.manager:__aenter__:36 | Scraper manager initialized with strategies: [<Platform.REDDIT: 'reddit'>]
2025-07-26 18:36:57 | INFO | src.scrapers.manager:scrape_with_fallback:140 | 🔄 Trying web strategy for reddit
2025-07-26 18:36:57 | INFO | src.scrapers.reddit_web_scraper:scrape_posts:41 | Web scraping r/programming - hot posts (max: 3)
2025-07-26 18:37:03 | INFO | src.scrapers.reddit_web_scraper:scrape_posts:76 | Successfully scraped 3 posts from r/programming
2025-07-26 18:37:03 | INFO | src.scrapers.manager:scrape_with_fallback:147 | ✅ Successfully scraped 3 posts with web strategy
2025-07-26 18:37:55 | INFO | src.scrapers.manager:_init_reddit_scrapers:67 | ✅ Reddit RSS feed scraper initialized
2025-07-26 18:37:55 | INFO | src.scrapers.manager:__aenter__:36 | Scraper manager initialized with strategies: [<Platform.REDDIT: 'reddit'>]
2025-07-26 18:37:55 | INFO | src.scrapers.manager:scrape_with_fallback:140 | 🔄 Trying feed strategy for reddit
2025-07-26 18:37:55 | INFO | src.scrapers.reddit_feed_scraper:scrape_posts:40 | RSS scraping r/technology - hot posts (max: 3)
2025-07-26 18:38:02 | INFO | src.scrapers.reddit_feed_scraper:scrape_posts:78 | Successfully scraped 3 posts from r/technology RSS
2025-07-26 18:38:02 | INFO | src.scrapers.manager:scrape_with_fallback:147 | ✅ Successfully scraped 3 posts with feed strategy
2025-07-26 18:38:11 | INFO | src.scrapers.manager:_init_reddit_scrapers:67 | ✅ Reddit RSS feed scraper initialized
2025-07-26 18:38:11 | INFO | src.scrapers.manager:__aenter__:36 | Scraper manager initialized with strategies: [<Platform.REDDIT: 'reddit'>]
2025-07-26 18:38:11 | INFO | src.scrapers.manager:scrape_with_fallback:140 | 🔄 Trying web strategy for reddit
2025-07-26 18:38:11 | INFO | src.scrapers.reddit_web_scraper:scrape_posts:41 | Web scraping r/python - hot posts (max: 2)
2025-07-26 18:38:16 | INFO | src.scrapers.reddit_web_scraper:scrape_posts:76 | Successfully scraped 2 posts from r/python
2025-07-26 18:38:16 | INFO | src.scrapers.manager:scrape_with_fallback:147 | ✅ Successfully scraped 2 posts with web strategy
2025-07-26 18:38:29 | INFO | src.scrapers.manager:_init_reddit_scrapers:67 | ✅ Reddit RSS feed scraper initialized
2025-07-26 18:38:29 | INFO | src.scrapers.manager:__aenter__:36 | Scraper manager initialized with strategies: [<Platform.REDDIT: 'reddit'>]
2025-07-26 18:38:29 | INFO | src.scrapers.manager:scrape_search_with_fallback:198 | 🔍 Searching with web strategy
2025-07-26 18:38:29 | INFO | src.scrapers.reddit_web_scraper:scrape_search:93 | Web scraping Reddit search for: 'machine learning' (max: 2)
2025-07-26 18:38:33 | INFO | src.scrapers.reddit_web_scraper:scrape_search:129 | Successfully scraped 2 search results
2025-07-26 18:38:33 | INFO | src.scrapers.manager:scrape_search_with_fallback:205 | ✅ Found 2 posts with web strategy
2025-07-26 18:39:52 | INFO | src.scrapers.manager:_init_reddit_scrapers:67 | ✅ Reddit RSS feed scraper initialized
2025-07-26 18:39:52 | INFO | src.scrapers.manager:__aenter__:36 | Scraper manager initialized with strategies: [<Platform.REDDIT: 'reddit'>]
2025-07-26 18:39:52 | INFO | src.scrapers.manager:scrape_search_with_fallback:198 | 🔍 Searching with web strategy
2025-07-26 18:39:52 | INFO | src.scrapers.reddit_web_scraper:scrape_search:93 | Web scraping Reddit search for: 'mental health' (max: 50)
2025-07-26 18:41:33 | INFO | src.scrapers.reddit_web_scraper:scrape_search:129 | Successfully scraped 50 search results
2025-07-26 18:41:34 | INFO | src.scrapers.manager:scrape_search_with_fallback:205 | ✅ Found 50 posts with web strategy
2025-07-26 18:42:54 | INFO | src.scrapers.manager:_init_reddit_scrapers:67 | ✅ Reddit RSS feed scraper initialized
2025-07-26 18:42:54 | INFO | src.scrapers.manager:__aenter__:36 | Scraper manager initialized with strategies: [<Platform.REDDIT: 'reddit'>]
2025-07-26 18:43:03 | INFO | src.scrapers.manager:_init_reddit_scrapers:67 | ✅ Reddit RSS feed scraper initialized
2025-07-26 18:43:03 | INFO | src.scrapers.manager:__aenter__:36 | Scraper manager initialized with strategies: [<Platform.REDDIT: 'reddit'>]
2025-07-26 18:45:38 | INFO | src.scrapers.manager:_init_reddit_scrapers:67 | ✅ Reddit RSS feed scraper initialized
2025-07-26 18:45:38 | INFO | src.scrapers.manager:__aenter__:36 | Scraper manager initialized with strategies: [<Platform.REDDIT: 'reddit'>]
