2025-07-26 10:00:49 | INFO | src.scrapers.reddit_scraper:_setup_reddit_client:33 | Reddit client initialized successfully
2025-07-26 10:00:49 | INFO | src.scrapers.manager:__aenter__:37 | Scraper manager initialized successfully
2025-07-26 10:00:51 | ERROR | src.scrapers.base:_make_request:103 | Request failed for URL https://httpbin.org/status/200: Cannot connect to host httpbin.org:443 ssl:True [SSLCertVerificationError: (1, '[SSL: CERTIFICATE_VERIFY_FAILED] certificate verify failed: unable to get local issuer certificate (_ssl.c:1018)')]
2025-07-26 10:00:57 | ERROR | src.scrapers.base:_make_request:103 | Request failed for URL https://httpbin.org/status/200: Cannot connect to host httpbin.org:443 ssl:True [SSLCertVerificationError: (1, '[SSL: CERTIFICATE_VERIFY_FAILED] certificate verify failed: unable to get local issuer certificate (_ssl.c:1018)')]
2025-07-26 10:01:03 | ERROR | src.scrapers.base:_make_request:103 | Request failed for URL https://httpbin.org/status/200: Cannot connect to host httpbin.org:443 ssl:True [SSLCertVerificationError: (1, '[SSL: CERTIFICATE_VERIFY_FAILED] certificate verify failed: unable to get local issuer certificate (_ssl.c:1018)')]
2025-07-26 10:01:03 | ERROR | src.scrapers.base:health_check:207 | Health check failed: RetryError[<Future at 0x106e20550 state=finished raised ClientConnectorCertificateError>]
2025-07-26 10:01:03 | INFO | src.scrapers.manager:create_job:79 | Created scraping job 0535b636-0356-4f4c-a665-d6961a979cce for reddit target 'test'
2025-07-26 10:01:48 | INFO | src.scrapers.reddit_scraper:_setup_reddit_client:33 | Reddit client initialized successfully
2025-07-26 10:01:48 | INFO | src.scrapers.reddit_scraper:scrape_posts:59 | Scraping r/python - hot posts (max: 5)
2025-07-26 10:01:48 | ERROR | src.scrapers.reddit_scraper:scrape_posts:92 | Error scraping subreddit r/python: received 401 HTTP response
2025-07-26 18:05:04 | INFO | src.scrapers.reddit_scraper:_setup_reddit_client:33 | Reddit client initialized successfully
2025-07-26 18:05:04 | INFO | src.scrapers.reddit_scraper:scrape_posts:59 | Scraping r/python - hot posts (max: 5)
2025-07-26 18:05:04 | ERROR | src.scrapers.reddit_scraper:scrape_posts:92 | Error scraping subreddit r/python: received 401 HTTP response
2025-07-26 18:08:30 | INFO | src.scrapers.reddit_scraper:_setup_reddit_client:33 | Reddit client initialized successfully
2025-07-26 18:08:30 | INFO | src.scrapers.manager:__aenter__:37 | Scraper manager initialized successfully
2025-07-26 18:08:32 | ERROR | src.scrapers.base:_make_request:103 | Request failed for URL https://httpbin.org/status/200: Cannot connect to host httpbin.org:443 ssl:True [SSLCertVerificationError: (1, '[SSL: CERTIFICATE_VERIFY_FAILED] certificate verify failed: unable to get local issuer certificate (_ssl.c:1018)')]
2025-07-26 18:08:38 | ERROR | src.scrapers.base:_make_request:103 | Request failed for URL https://httpbin.org/status/200: Cannot connect to host httpbin.org:443 ssl:True [SSLCertVerificationError: (1, '[SSL: CERTIFICATE_VERIFY_FAILED] certificate verify failed: unable to get local issuer certificate (_ssl.c:1018)')]
2025-07-26 18:14:25 | INFO | src.scrapers.reddit_scraper:_setup_reddit_client:33 | Reddit client initialized successfully
2025-07-26 18:14:25 | INFO | src.scrapers.manager:__aenter__:37 | Scraper manager initialized successfully
2025-07-26 18:14:27 | ERROR | src.scrapers.base:_make_request:103 | Request failed for URL https://httpbin.org/status/200: Cannot connect to host httpbin.org:443 ssl:True [SSLCertVerificationError: (1, '[SSL: CERTIFICATE_VERIFY_FAILED] certificate verify failed: unable to get local issuer certificate (_ssl.c:1018)')]
2025-07-26 18:14:33 | ERROR | src.scrapers.base:_make_request:103 | Request failed for URL https://httpbin.org/status/200: Cannot connect to host httpbin.org:443 ssl:True [SSLCertVerificationError: (1, '[SSL: CERTIFICATE_VERIFY_FAILED] certificate verify failed: unable to get local issuer certificate (_ssl.c:1018)')]
2025-07-26 18:14:39 | ERROR | src.scrapers.base:_make_request:103 | Request failed for URL https://httpbin.org/status/200: Cannot connect to host httpbin.org:443 ssl:True [SSLCertVerificationError: (1, '[SSL: CERTIFICATE_VERIFY_FAILED] certificate verify failed: unable to get local issuer certificate (_ssl.c:1018)')]
2025-07-26 18:14:39 | ERROR | src.scrapers.base:health_check:207 | Health check failed: RetryError[<Future at 0x10673f890 state=finished raised ClientConnectorCertificateError>]
2025-07-26 18:14:39 | INFO | src.scrapers.manager:create_job:79 | Created scraping job 961401f8-78cf-4909-bf36-0b2548fe64eb for reddit target 'test'
